# JRE version: OpenJDK Runtime Environment Temurin-17.0.14+7 (17.0.14+7) (build 17.0.14+7)
# Java VM: OpenJDK 64-Bit Server VM Temurin-17.0.14+7 (17.0.14+7, mixed mode, sharing, tiered, compressed oops, compressed class ptrs, g1 gc, windows-amd64)
GC Precious Log:
 CPUs: 8 total, 8 available
 Memory: 7998M
 Large Page Support: Disabled
 NUMA Support: Disabled
 Compressed Oops: Enabled (32-bit)
 Heap Region Size: 1M
 Heap Min Capacity: 8M
 Heap Initial Capacity: 126M
 Heap Max Capacity: 2000M
 Pre-touch: Disabled
 Parallel Workers: 8
 Concurrent Workers: 2
 Concurrent Refinement Workers: 8
 Periodic GC: Disabled
Heap:
 garbage-first heap   total 45056K, used 28714K [0x0000000083000000, 0x0000000100000000)
  region size 1024K, 11 young (11264K), 1 survivors (1024K)
 Metaspace       used 24346K, committed 24576K, reserved 1114112K
  class space    used 3412K, committed 3520K, reserved 1048576K
GC Heap History (10 events):
Event: 1.479 GC heap before
{Heap before GC invocations=0 (full 0):
 garbage-first heap   total 129024K, used 22528K [0x0000000083000000, 0x0000000100000000)
  region size 1024K, 23 young (23552K), 0 survivors (0K)
 Metaspace       used 4986K, committed 5184K, reserved 1114112K
  class space    used 544K, committed 640K, reserved 1048576K
}
Event: 1.484 GC heap after
{Heap after GC invocations=1 (full 0):
 garbage-first heap   total 129024K, used 2773K [0x0000000083000000, 0x0000000100000000)
  region size 1024K, 3 young (3072K), 3 survivors (3072K)
 Metaspace       used 4986K, committed 5184K, reserved 1114112K
  class space    used 544K, committed 640K, reserved 1048576K
}
Event: 2.693 GC heap before
{Heap before GC invocations=1 (full 0):
 garbage-first heap   total 129024K, used 34517K [0x0000000083000000, 0x0000000100000000)
  region size 1024K, 35 young (35840K), 3 survivors (3072K)
 Metaspace       used 14245K, committed 14464K, reserved 1114112K
  class space    used 1800K, committed 1920K, reserved 1048576K
}
Event: 2.702 GC heap after
{Heap after GC invocations=2 (full 0):
 garbage-first heap   total 129024K, used 6811K [0x0000000083000000, 0x0000000100000000)
  region size 1024K, 5 young (5120K), 5 survivors (5120K)
 Metaspace       used 14245K, committed 14464K, reserved 1114112K
  class space    used 1800K, committed 1920K, reserved 1048576K
}
Event: 18.091 GC heap before
{Heap before GC invocations=2 (full 0):
 garbage-first heap   total 129024K, used 35483K [0x0000000083000000, 0x0000000100000000)
  region size 1024K, 32 young (32768K), 5 survivors (5120K)
 Metaspace       used 21241K, committed 21504K, reserved 1114112K
  class space    used 2927K, committed 3072K, reserved 1048576K
}
Event: 18.099 GC heap after
{Heap after GC invocations=3 (full 0):
 garbage-first heap   total 129024K, used 11016K [0x0000000083000000, 0x0000000100000000)
  region size 1024K, 7 young (7168K), 7 survivors (7168K)
 Metaspace       used 21241K, committed 21504K, reserved 1114112K
  class space    used 2927K, committed 3072K, reserved 1048576K
}
Event: 19.075 GC heap before
{Heap before GC invocations=4 (full 0):
 garbage-first heap   total 45056K, used 30472K [0x0000000083000000, 0x0000000100000000)
  region size 1024K, 26 young (26624K), 7 survivors (7168K)
 Metaspace       used 23845K, committed 24128K, reserved 1114112K
  class space    used 3386K, committed 3520K, reserved 1048576K
}
Event: 19.091 GC heap after
{Heap after GC invocations=5 (full 0):
 garbage-first heap   total 45056K, used 14703K [0x0000000083000000, 0x0000000100000000)
  region size 1024K, 4 young (4096K), 4 survivors (4096K)
 Metaspace       used 23845K, committed 24128K, reserved 1114112K
  class space    used 3386K, committed 3520K, reserved 1048576K
}
Event: 24.634 GC heap before
{Heap before GC invocations=5 (full 0):
 garbage-first heap   total 45056K, used 14703K [0x0000000083000000, 0x0000000100000000)
  region size 1024K, 5 young (5120K), 4 survivors (4096K)
 Metaspace       used 23994K, committed 24256K, reserved 1114112K
  class space    used 3388K, committed 3520K, reserved 1048576K
}
Event: 24.642 GC heap after
{Heap after GC invocations=6 (full 0):
 garbage-first heap   total 45056K, used 15402K [0x0000000083000000, 0x0000000100000000)
  region size 1024K, 1 young (1024K), 1 survivors (1024K)
 Metaspace       used 23994K, committed 24256K, reserved 1114112K
  class space    used 3388K, committed 3520K, reserved 1048576K
}

